\BOOKMARK [0][-]{chapter.1}{Introduction}{}% 1
\BOOKMARK [0][-]{chapter.2}{Basics}{}% 2
\BOOKMARK [1][-]{section.2.1}{Solar composition}{chapter.2}% 3
\BOOKMARK [1][-]{section.2.2}{Solar dynamics}{chapter.2}% 4
\BOOKMARK [1][-]{section.2.3}{Solar wind}{chapter.2}% 5
\BOOKMARK [1][-]{section.2.4}{Heliospheric magnetic field}{chapter.2}% 6
\BOOKMARK [1][-]{section.2.5}{Solar wind properties and structures}{chapter.2}% 7
\BOOKMARK [2][-]{subsection.2.5.1}{Solar wind plasma}{section.2.5}% 8
\BOOKMARK [2][-]{subsection.2.5.2}{Slow solar wind}{section.2.5}% 9
\BOOKMARK [2][-]{subsection.2.5.3}{High speed streams}{section.2.5}% 10
\BOOKMARK [2][-]{subsection.2.5.4}{Stream interaction regions}{section.2.5}% 11
\BOOKMARK [2][-]{subsection.2.5.5}{HCS / HPS}{section.2.5}% 12
\BOOKMARK [2][-]{subsection.2.5.6}{Coronal mass ejections}{section.2.5}% 13
\BOOKMARK [1][-]{section.2.6}{Space weather}{chapter.2}% 14
\BOOKMARK [2][-]{subsection.2.6.1}{Solar influence on Earth}{section.2.6}% 15
\BOOKMARK [2][-]{subsection.2.6.2}{Magnetosphere}{section.2.6}% 16
\BOOKMARK [2][-]{subsection.2.6.3}{Geomagnetic indices}{section.2.6}% 17
\BOOKMARK [2][-]{subsection.2.6.4}{Solar wind\205magnetosphere coupling}{section.2.6}% 18
\BOOKMARK [0][-]{chapter.3}{Data}{}% 19
\BOOKMARK [1][-]{section.3.1}{Instruments}{chapter.3}% 20
\BOOKMARK [2][-]{subsection.3.1.1}{Magnetometer}{section.3.1}% 21
\BOOKMARK [2][-]{subsection.3.1.2}{Plasma detector}{section.3.1}% 22
\BOOKMARK [1][-]{section.3.2}{Data sources}{chapter.3}% 23
\BOOKMARK [2][-]{subsection.3.2.1}{Sunspot number}{section.3.2}% 24
\BOOKMARK [2][-]{subsection.3.2.2}{Kp index}{section.3.2}% 25
\BOOKMARK [2][-]{subsection.3.2.3}{OMNI data set}{section.3.2}% 26
\BOOKMARK [2][-]{subsection.3.2.4}{Helios probes}{section.3.2}% 27
\BOOKMARK [0][-]{chapter.4}{Solar wind time variations}{}% 28
\BOOKMARK [1][-]{section.4.1}{Solar wind variation with solar cycle}{chapter.4}% 29
\BOOKMARK [1][-]{section.4.2}{Solar wind variation with season}{chapter.4}% 30
\BOOKMARK [1][-]{section.4.3}{Solar wind empirical forecast}{chapter.4}% 31
\BOOKMARK [0][-]{chapter.5}{Solar wind distance variations}{}% 32
\BOOKMARK [1][-]{section.5.1}{Solar wind back-extrapolation}{chapter.5}% 33
\BOOKMARK [0][-]{chapter.6}{Helios radial line-up passings}{}% 34
\BOOKMARK [0][-]{chapter.7}{Solar wind impact on the magnetosphere}{}% 35
\BOOKMARK [1][-]{section.7.1}{Solar wind interaction processes with the magnetosphere}{chapter.7}% 36
\BOOKMARK [1][-]{section.7.2}{Solar wind\205magnetosphere coupling functions}{chapter.7}% 37
\BOOKMARK [1][-]{section.7.3}{Parameter selection}{chapter.7}% 38
\BOOKMARK [1][-]{section.7.4}{Data selection}{chapter.7}% 39
\BOOKMARK [1][-]{section.7.5}{General Kp correlations}{chapter.7}% 40
\BOOKMARK [1][-]{section.7.6}{Solar cycle influence}{chapter.7}% 41
\BOOKMARK [1][-]{section.7.7}{Isolating the CME influence}{chapter.7}% 42
\BOOKMARK [2][-]{subsection.7.7.1}{Solar wind structure list}{section.7.7}% 43
\BOOKMARK [2][-]{subsection.7.7.2}{CME correlations}{section.7.7}% 44
\BOOKMARK [0][-]{chapter.8}{Solar wind impact on the terrestrial magnetosphere}{}% 45
\BOOKMARK [1][-]{section.8.1}{Quantifying solar wind impact on the terrestrial magnetosphere}{chapter.8}% 46
\BOOKMARK [1][-]{section.8.2}{Solar wind structure type influence on the terrestrial magnetosphere}{chapter.8}% 47
\BOOKMARK [1][-]{section.8.3}{Solar wind structure analyses}{chapter.8}% 48
\BOOKMARK [1][-]{section.8.4}{CME impact on the magnetosphere}{chapter.8}% 49
\BOOKMARK [1][-]{section.8.5}{Solar wind frequency distributions}{chapter.8}% 50
\BOOKMARK [2][-]{subsection.8.5.1}{Solar wind solar cycle dependence}{section.8.5}% 51
\BOOKMARK [2][-]{subsection.8.5.2}{Solar wind seasonal dependence}{section.8.5}% 52
\BOOKMARK [1][-]{section.8.6}{Kp frequency distribution}{chapter.8}% 53
\BOOKMARK [2][-]{subsection.8.6.1}{Kp solar cycle dependence}{section.8.6}% 54
\BOOKMARK [2][-]{subsection.8.6.2}{Kp seasonal dependence}{section.8.6}% 55
\BOOKMARK [1][-]{section.8.7}{Summary/Results}{chapter.8}% 56
\BOOKMARK [1][-]{section.8.8}{Forecast}{chapter.8}% 57
\BOOKMARK [2][-]{subsection.8.8.1}{Internal solar wind correlations}{section.8.8}% 58
\BOOKMARK [2][-]{subsection.8.8.2}{Kp forecast from CME velocity}{section.8.8}% 59
\BOOKMARK [1][-]{section.8.9}{Applications}{chapter.8}% 60
\BOOKMARK [0][-]{chapter.9}{Solar wind origin and evolution}{}% 61
\BOOKMARK [1][-]{section.9.1}{Solar wind parameters}{chapter.9}% 62
\BOOKMARK [1][-]{section.9.2}{Empirical solar wind model}{chapter.9}% 63
\BOOKMARK [2][-]{subsection.9.2.1}{Solar distance dependency\204theory}{section.9.2}% 64
\BOOKMARK [2][-]{subsection.9.2.2}{Solar distance dependency\204Helios data}{section.9.2}% 65
\BOOKMARK [2][-]{subsection.9.2.3}{Latitude dependency\204theory}{section.9.2}% 66
\BOOKMARK [2][-]{subsection.9.2.4}{Latitude dependency\204Helios data}{section.9.2}% 67
\BOOKMARK [2][-]{subsection.9.2.5}{Shape of the frequency distributions}{section.9.2}% 68
\BOOKMARK [2][-]{subsection.9.2.6}{Helios solar wind model}{section.9.2}% 69
\BOOKMARK [1][-]{section.9.3}{Extrapolation model}{chapter.9}% 70
\BOOKMARK [2][-]{subsection.9.3.1}{Model validity}{section.9.3}% 71
\BOOKMARK [2][-]{subsection.9.3.2}{Model comparison via SSR}{section.9.3}% 72
\BOOKMARK [2][-]{subsection.9.3.3}{Adjusted extrapolation models}{section.9.3}% 73
\BOOKMARK [2][-]{subsection.9.3.4}{Comparison with existing extrapolation models}{section.9.3}% 74
\BOOKMARK [1][-]{section.9.4}{Radial evolution of solar wind structures}{chapter.9}% 75
\BOOKMARK [1][-]{section.9.5}{Summary/Results}{chapter.9}% 76
\BOOKMARK [0][-]{chapter.10}{Discussion and results}{}% 77
\BOOKMARK [0][-]{chapter.11}{Summary and outlook}{}% 78
\BOOKMARK [0][-]{appendix.A}{Physics}{}% 79
\BOOKMARK [1][-]{section.A.1}{Electromagnetism}{appendix.A}% 80
\BOOKMARK [1][-]{section.A.2}{Solar wind pressures}{appendix.A}% 81
\BOOKMARK [1][-]{section.A.3}{Plasma beta}{appendix.A}% 82
\BOOKMARK [1][-]{section.A.4}{Alfv\351n waves}{appendix.A}% 83
\BOOKMARK [1][-]{section.A.5}{Solar rotation}{appendix.A}% 84
\BOOKMARK [2][-]{subsection.A.5.1}{Solar surface differential rotation}{section.A.5}% 85
\BOOKMARK [2][-]{subsection.A.5.2}{Solar rotation axis tilt}{section.A.5}% 86
\BOOKMARK [1][-]{section.A.6}{Coordinate systems}{appendix.A}% 87
\BOOKMARK [2][-]{subsection.A.6.1}{Geocentric Solar Ecliptic}{section.A.6}% 88
\BOOKMARK [2][-]{subsection.A.6.2}{Geocentric Solar Magnetospheric}{section.A.6}% 89
\BOOKMARK [2][-]{subsection.A.6.3}{Heliographic Inertial}{section.A.6}% 90
\BOOKMARK [1][-]{section.A.7}{Earth orbit geometry}{appendix.A}% 91
\BOOKMARK [2][-]{subsection.A.7.1}{Sun tilt}{section.A.7}% 92
\BOOKMARK [2][-]{subsection.A.7.2}{Earth tilt}{section.A.7}% 93
\BOOKMARK [2][-]{subsection.A.7.3}{seasonal distance}{section.A.7}% 94
\BOOKMARK [0][-]{appendix.B}{Math}{}% 95
\BOOKMARK [1][-]{section.B.1}{Correlations}{appendix.B}% 96
\BOOKMARK [1][-]{section.B.2}{Lognormal distribution}{appendix.B}% 97
\BOOKMARK [1][-]{section.B.3}{Goodness of fit}{appendix.B}% 98
\BOOKMARK [1][-]{section.B.4}{other}{appendix.B}% 99
\BOOKMARK [0][-]{appendix.C}{Glossary}{}% 100
\BOOKMARK [1][-]{section.C.1}{Astronomical constants}{appendix.C}% 101
\BOOKMARK [1][-]{section.C.2}{Symbols}{appendix.C}% 102
\BOOKMARK [1][-]{section.C.3}{Abbreviations}{appendix.C}% 103
\BOOKMARK [0][-]{chapter*.75}{References}{}% 104
\BOOKMARK [0][-]{chapter*.76}{[toc]grayAcknowledgments}{}% 105
\BOOKMARK [0][-]{chapter*.77}{[toc]grayCurriculum vitae}{}% 106
